[2017-11-27T18:44:08.777] [INFO] default - ::1 - - "GET / HTTP/1.1" 304 - "" "Mozilla/5.0 (Windows NT 6.1; Win64; x64) AppleWebKit/537.36 (KHTML, like Gecko) Chrome/62.0.3202.94 Safari/537.36"
[2017-11-27T18:44:08.896] [INFO] default - ::1 - - "GET /app.js HTTP/1.1" 304 - "http://localhost:9090/" "Mozilla/5.0 (Windows NT 6.1; Win64; x64) AppleWebKit/537.36 (KHTML, like Gecko) Chrome/62.0.3202.94 Safari/537.36"
[2017-11-27T18:44:09.043] [INFO] default - ::1 - - "GET /static/css/reset.css HTTP/1.1" 304 - "http://localhost:9090/" "Mozilla/5.0 (Windows NT 6.1; Win64; x64) AppleWebKit/537.36 (KHTML, like Gecko) Chrome/62.0.3202.94 Safari/537.36"
[2017-11-27T18:44:09.321] [INFO] default - ::1 - - "GET /static/img/1.jpg HTTP/1.1" 304 - "http://localhost:9090/" "Mozilla/5.0 (Windows NT 6.1; Win64; x64) AppleWebKit/537.36 (KHTML, like Gecko) Chrome/62.0.3202.94 Safari/537.36"
[2017-11-27T18:44:09.322] [INFO] default - ::1 - - "GET /static/img/2.jpg HTTP/1.1" 304 - "http://localhost:9090/" "Mozilla/5.0 (Windows NT 6.1; Win64; x64) AppleWebKit/537.36 (KHTML, like Gecko) Chrome/62.0.3202.94 Safari/537.36"
[2017-11-27T18:44:09.324] [INFO] default - ::1 - - "GET /static/img/6.jpg HTTP/1.1" 304 - "http://localhost:9090/" "Mozilla/5.0 (Windows NT 6.1; Win64; x64) AppleWebKit/537.36 (KHTML, like Gecko) Chrome/62.0.3202.94 Safari/537.36"
[2017-11-27T18:44:09.325] [INFO] default - ::1 - - "GET /static/img/7.jpg HTTP/1.1" 304 - "http://localhost:9090/" "Mozilla/5.0 (Windows NT 6.1; Win64; x64) AppleWebKit/537.36 (KHTML, like Gecko) Chrome/62.0.3202.94 Safari/537.36"
[2017-11-27T18:47:29.200] [INFO] default - ::1 - - "GET /static/css/reset.css HTTP/1.1" 304 - "http://localhost:9090/" "Mozilla/5.0 (Windows NT 6.1; Win64; x64) AppleWebKit/537.36 (KHTML, like Gecko) Chrome/62.0.3202.94 Safari/537.36"
[2017-11-27T18:47:30.089] [INFO] default - ::1 - - "GET /static/img/8.jpg HTTP/1.1" 304 - "http://localhost:9090/" "Mozilla/5.0 (iPhone; CPU iPhone OS 9_1 like Mac OS X) AppleWebKit/601.1.46 (KHTML, like Gecko) Version/9.0 Mobile/13B143 Safari/601.1"
[2017-11-27T18:47:31.100] [INFO] default - ::1 - - "GET /message?roomid=room1 HTTP/1.1" 304 - "http://localhost:9090/" "Mozilla/5.0 (iPhone; CPU iPhone OS 9_1 like Mac OS X) AppleWebKit/601.1.46 (KHTML, like Gecko) Version/9.0 Mobile/13B143 Safari/601.1"
[2017-11-27T18:51:44.132] [INFO] default - ::1 - - "GET / HTTP/1.1" 304 - "" "Mozilla/5.0 (Windows NT 6.1; Win64; x64) AppleWebKit/537.36 (KHTML, like Gecko) Chrome/62.0.3202.94 Safari/537.36"
[2017-11-27T18:51:44.490] [INFO] default - ::1 - - "GET /app.js HTTP/1.1" 304 - "http://localhost:9090/" "Mozilla/5.0 (Windows NT 6.1; Win64; x64) AppleWebKit/537.36 (KHTML, like Gecko) Chrome/62.0.3202.94 Safari/537.36"
[2017-11-27T18:51:44.493] [INFO] default - ::1 - - "GET /static/css/reset.css HTTP/1.1" 304 - "http://localhost:9090/" "Mozilla/5.0 (Windows NT 6.1; Win64; x64) AppleWebKit/537.36 (KHTML, like Gecko) Chrome/62.0.3202.94 Safari/537.36"
[2017-11-27T18:51:44.836] [INFO] default - ::1 - - "GET /static/img/1.jpg HTTP/1.1" 304 - "http://localhost:9090/" "Mozilla/5.0 (Windows NT 6.1; Win64; x64) AppleWebKit/537.36 (KHTML, like Gecko) Chrome/62.0.3202.94 Safari/537.36"
[2017-11-27T18:51:44.837] [INFO] default - ::1 - - "GET /static/img/2.jpg HTTP/1.1" 304 - "http://localhost:9090/" "Mozilla/5.0 (Windows NT 6.1; Win64; x64) AppleWebKit/537.36 (KHTML, like Gecko) Chrome/62.0.3202.94 Safari/537.36"
[2017-11-27T18:51:44.839] [INFO] default - ::1 - - "GET /static/img/6.jpg HTTP/1.1" 304 - "http://localhost:9090/" "Mozilla/5.0 (Windows NT 6.1; Win64; x64) AppleWebKit/537.36 (KHTML, like Gecko) Chrome/62.0.3202.94 Safari/537.36"
[2017-11-27T18:51:44.840] [INFO] default - ::1 - - "GET /static/img/7.jpg HTTP/1.1" 304 - "http://localhost:9090/" "Mozilla/5.0 (Windows NT 6.1; Win64; x64) AppleWebKit/537.36 (KHTML, like Gecko) Chrome/62.0.3202.94 Safari/537.36"
[2017-11-27T18:51:47.265] [INFO] default - ::1 - - "GET /static/css/reset.css HTTP/1.1" 304 - "http://localhost:9090/" "Mozilla/5.0 (Windows NT 6.1; Win64; x64) AppleWebKit/537.36 (KHTML, like Gecko) Chrome/62.0.3202.94 Safari/537.36"
[2017-11-27T18:51:48.035] [INFO] default - ::1 - - "GET /static/img/8.jpg HTTP/1.1" 304 - "http://localhost:9090/" "Mozilla/5.0 (iPhone; CPU iPhone OS 9_1 like Mac OS X) AppleWebKit/601.1.46 (KHTML, like Gecko) Version/9.0 Mobile/13B143 Safari/601.1"
[2017-11-27T18:51:49.036] [INFO] default - ::1 - - "GET /message?roomid=room1 HTTP/1.1" 304 - "http://localhost:9090/" "Mozilla/5.0 (iPhone; CPU iPhone OS 9_1 like Mac OS X) AppleWebKit/601.1.46 (KHTML, like Gecko) Version/9.0 Mobile/13B143 Safari/601.1"
[2017-11-27T18:52:59.680] [INFO] default - ::1 - - "GET / HTTP/1.1" 304 - "" "Mozilla/5.0 (Windows NT 6.1; Win64; x64) AppleWebKit/537.36 (KHTML, like Gecko) Chrome/62.0.3202.94 Safari/537.36"
[2017-11-27T18:53:00.490] [INFO] default - ::1 - - "GET /app.js HTTP/1.1" 304 - "http://localhost:9090/" "Mozilla/5.0 (Windows NT 6.1; Win64; x64) AppleWebKit/537.36 (KHTML, like Gecko) Chrome/62.0.3202.94 Safari/537.36"
[2017-11-27T18:53:00.493] [INFO] default - ::1 - - "GET /static/css/reset.css HTTP/1.1" 304 - "http://localhost:9090/" "Mozilla/5.0 (Windows NT 6.1; Win64; x64) AppleWebKit/537.36 (KHTML, like Gecko) Chrome/62.0.3202.94 Safari/537.36"
[2017-11-27T18:53:00.802] [INFO] default - ::1 - - "GET /static/img/1.jpg HTTP/1.1" 304 - "http://localhost:9090/" "Mozilla/5.0 (Windows NT 6.1; Win64; x64) AppleWebKit/537.36 (KHTML, like Gecko) Chrome/62.0.3202.94 Safari/537.36"
[2017-11-27T18:53:00.804] [INFO] default - ::1 - - "GET /static/img/2.jpg HTTP/1.1" 304 - "http://localhost:9090/" "Mozilla/5.0 (Windows NT 6.1; Win64; x64) AppleWebKit/537.36 (KHTML, like Gecko) Chrome/62.0.3202.94 Safari/537.36"
[2017-11-27T18:53:00.806] [INFO] default - ::1 - - "GET /static/img/6.jpg HTTP/1.1" 304 - "http://localhost:9090/" "Mozilla/5.0 (Windows NT 6.1; Win64; x64) AppleWebKit/537.36 (KHTML, like Gecko) Chrome/62.0.3202.94 Safari/537.36"
[2017-11-27T18:53:00.811] [INFO] default - ::1 - - "GET /static/img/7.jpg HTTP/1.1" 304 - "http://localhost:9090/" "Mozilla/5.0 (Windows NT 6.1; Win64; x64) AppleWebKit/537.36 (KHTML, like Gecko) Chrome/62.0.3202.94 Safari/537.36"
[2017-11-27T18:53:03.851] [INFO] default - ::1 - - "GET /static/img/8.jpg HTTP/1.1" 304 - "http://localhost:9090/" "Mozilla/5.0 (Windows NT 6.1; Win64; x64) AppleWebKit/537.36 (KHTML, like Gecko) Chrome/62.0.3202.94 Safari/537.36"
[2017-11-27T18:53:04.888] [INFO] default - ::1 - - "GET /message?roomid=room1 HTTP/1.1" 200 186 "http://localhost:9090/" "Mozilla/5.0 (Windows NT 6.1; Win64; x64) AppleWebKit/537.36 (KHTML, like Gecko) Chrome/62.0.3202.94 Safari/537.36"
[2017-11-27T18:53:07.267] [INFO] default - ::1 - - "GET /static/css/reset.css HTTP/1.1" 304 - "http://localhost:9090/" "Mozilla/5.0 (Windows NT 6.1; Win64; x64) AppleWebKit/537.36 (KHTML, like Gecko) Chrome/62.0.3202.94 Safari/537.36"
[2017-11-27T18:54:15.515] [INFO] default - ::1 - - "GET / HTTP/1.1" 304 - "" "Mozilla/5.0 (Windows NT 6.1; Win64; x64) AppleWebKit/537.36 (KHTML, like Gecko) Chrome/62.0.3202.94 Safari/537.36"
[2017-11-27T18:54:15.616] [INFO] default - ::1 - - "GET /app.js HTTP/1.1" 304 - "http://localhost:9090/" "Mozilla/5.0 (Windows NT 6.1; Win64; x64) AppleWebKit/537.36 (KHTML, like Gecko) Chrome/62.0.3202.94 Safari/537.36"
[2017-11-27T18:54:15.756] [INFO] default - ::1 - - "GET /static/css/reset.css HTTP/1.1" 304 - "http://localhost:9090/" "Mozilla/5.0 (Windows NT 6.1; Win64; x64) AppleWebKit/537.36 (KHTML, like Gecko) Chrome/62.0.3202.94 Safari/537.36"
[2017-11-27T18:54:16.027] [INFO] default - ::1 - - "GET /static/img/1.jpg HTTP/1.1" 304 - "http://localhost:9090/" "Mozilla/5.0 (Windows NT 6.1; Win64; x64) AppleWebKit/537.36 (KHTML, like Gecko) Chrome/62.0.3202.94 Safari/537.36"
[2017-11-27T18:54:16.029] [INFO] default - ::1 - - "GET /static/img/2.jpg HTTP/1.1" 304 - "http://localhost:9090/" "Mozilla/5.0 (Windows NT 6.1; Win64; x64) AppleWebKit/537.36 (KHTML, like Gecko) Chrome/62.0.3202.94 Safari/537.36"
[2017-11-27T18:54:16.032] [INFO] default - ::1 - - "GET /static/img/6.jpg HTTP/1.1" 304 - "http://localhost:9090/" "Mozilla/5.0 (Windows NT 6.1; Win64; x64) AppleWebKit/537.36 (KHTML, like Gecko) Chrome/62.0.3202.94 Safari/537.36"
[2017-11-27T18:54:16.033] [INFO] default - ::1 - - "GET /static/img/7.jpg HTTP/1.1" 304 - "http://localhost:9090/" "Mozilla/5.0 (Windows NT 6.1; Win64; x64) AppleWebKit/537.36 (KHTML, like Gecko) Chrome/62.0.3202.94 Safari/537.36"
[2017-11-27T18:54:19.639] [INFO] default - ::1 - - "GET /static/css/reset.css HTTP/1.1" 304 - "http://localhost:9090/" "Mozilla/5.0 (Windows NT 6.1; Win64; x64) AppleWebKit/537.36 (KHTML, like Gecko) Chrome/62.0.3202.94 Safari/537.36"
[2017-11-27T18:55:00.326] [INFO] default - ::1 - - "GET /static/img/8.jpg HTTP/1.1" 304 - "http://localhost:9090/" "Mozilla/5.0 (iPhone; CPU iPhone OS 9_1 like Mac OS X) AppleWebKit/601.1.46 (KHTML, like Gecko) Version/9.0 Mobile/13B143 Safari/601.1"
[2017-11-27T18:55:01.336] [INFO] default - ::1 - - "GET /message?roomid=room1 HTTP/1.1" 304 - "http://localhost:9090/" "Mozilla/5.0 (iPhone; CPU iPhone OS 9_1 like Mac OS X) AppleWebKit/601.1.46 (KHTML, like Gecko) Version/9.0 Mobile/13B143 Safari/601.1"
[2017-11-27T18:55:03.391] [INFO] default - hua1995116对房room1说：dd
